<?xml version="1.0" encoding="UTF-8"?>
<!-- Generated by org.testng.reporters.JUnitXMLReporter -->
<testsuite hostname="Sarath-MBP.local" ignored="1" name="Test" tests="1" failures="0" timestamp="27 Feb 2022 06:32:53 GMT" time="0.286" errors="0">
  <testcase name="@BeforeTest basePageNavigation" time="0.23" classname="internaladmin.Logintest">
    <failure type="java.lang.NullPointerException">
      <![CDATA[java.lang.NullPointerException
	at org.openqa.selenium.support.pagefactory.DefaultElementLocator.findElement(DefaultElementLocator.java:70)
	at org.openqa.selenium.support.pagefactory.internal.LocatingElementHandler.invoke(LocatingElementHandler.java:39)
	at com.sun.proxy.$Proxy11.sendKeys(Unknown Source)
	at internaladmin.Logintest.basePageNavigation(Logintest.java:16)
... Removed 23 stack frames]]>
    </failure>
  </testcase> <!-- @BeforeTest basePageNavigation -->
  <testcase name="@BeforeClass SetUp" time="0.0" classname="sapphiros.Base">
    <failure type="org.testng.TestNGException" message="
Parameter &amp;apos;deviceName&amp;apos; is required by BeforeClass on method SetUp but has not been marked @Optional or defined
in /Users/prince/Documents/workspace/Internaladmin/testng.xml">
      <![CDATA[org.testng.TestNGException: 
Parameter 'deviceName' is required by BeforeClass on method SetUp but has not been marked @Optional or defined
in /Users/prince/Documents/workspace/Internaladmin/testng.xml
... Removed 22 stack frames]]>
    </failure>
  </testcase> <!-- @BeforeClass SetUp -->
  <testcase name="CreateGene" time="0.001" classname="internaladmin.CreateGeneTest">
    <skipped/>
  </testcase> <!-- CreateGene -->
  <testcase name="@AfterSuite tearAfter" time="0.0" classname="sapphiros.Base">
    <ignored/>
  </testcase> <!-- @AfterSuite tearAfter -->
</testsuite> <!-- Test -->
